c:\users\home\desktop\xe_di_chuyen\xe_di_chuyen\xe_di_chuyen\debug\xe_di_chuyen.pch
c:\users\home\desktop\xe_di_chuyen\xe_di_chuyen\xe_di_chuyen\debug\vc142.pdb
c:\users\home\desktop\xe_di_chuyen\xe_di_chuyen\xe_di_chuyen\debug\vc142.idb
c:\users\home\desktop\xe_di_chuyen\xe_di_chuyen\xe_di_chuyen\debug\stdafx.obj
c:\users\home\desktop\xe_di_chuyen\xe_di_chuyen\xe_di_chuyen\debug\xe_di_chuyenview.obj
c:\users\home\desktop\xe_di_chuyen\xe_di_chuyen\xe_di_chuyen\debug\xe_di_chuyendoc.obj
c:\users\home\desktop\xe_di_chuyen\xe_di_chuyen\xe_di_chuyen\debug\xe_di_chuyen.obj
c:\users\home\desktop\xe_di_chuyen\xe_di_chuyen\xe_di_chuyen\debug\xe.obj
c:\users\home\desktop\xe_di_chuyen\xe_di_chuyen\xe_di_chuyen\debug\mainfrm.obj
c:\users\home\desktop\xe_di_chuyen\xe_di_chuyen\xe_di_chuyen\debug\htron.obj
c:\users\home\desktop\xe_di_chuyen\xe_di_chuyen\xe_di_chuyen\debug\hcn.obj
c:\users\home\desktop\xe_di_chuyen\xe_di_chuyen\debug\xe_di_chuyen.exe
c:\users\home\desktop\xe_di_chuyen\xe_di_chuyen\debug\xe_di_chuyen.ilk
c:\users\home\desktop\xe_di_chuyen\xe_di_chuyen\debug\xe_di_chuyen.pdb
c:\users\home\desktop\xe_di_chuyen\xe_di_chuyen\xe_di_chuyen\debug\xedichuyen.res
c:\users\home\desktop\xe_di_chuyen\xe_di_chuyen\xe_di_chuyen\debug\vc141.idb
c:\users\home\desktop\xe_di_chuyen\xe_di_chuyen\xe_di_chuyen\debug\vc141.pdb
c:\users\home\desktop\xe_di_chuyen\xe_di_chuyen\xe_di_chuyen\debug\xe_di_chuyen.tlog\cl.command.1.tlog
c:\users\home\desktop\xe_di_chuyen\xe_di_chuyen\xe_di_chuyen\debug\xe_di_chuyen.tlog\cl.read.1.tlog
c:\users\home\desktop\xe_di_chuyen\xe_di_chuyen\xe_di_chuyen\debug\xe_di_chuyen.tlog\cl.write.1.tlog
c:\users\home\desktop\xe_di_chuyen\xe_di_chuyen\xe_di_chuyen\debug\xe_di_chuyen.tlog\link.command.1.tlog
c:\users\home\desktop\xe_di_chuyen\xe_di_chuyen\xe_di_chuyen\debug\xe_di_chuyen.tlog\link.read.1.tlog
c:\users\home\desktop\xe_di_chuyen\xe_di_chuyen\xe_di_chuyen\debug\xe_di_chuyen.tlog\link.write.1.tlog
c:\users\home\desktop\xe_di_chuyen\xe_di_chuyen\xe_di_chuyen\debug\xe_di_chuyen.tlog\rc.command.1.tlog
c:\users\home\desktop\xe_di_chuyen\xe_di_chuyen\xe_di_chuyen\debug\xe_di_chuyen.tlog\rc.read.1.tlog
c:\users\home\desktop\xe_di_chuyen\xe_di_chuyen\xe_di_chuyen\debug\xe_di_chuyen.tlog\rc.write.1.tlog
